2025/12/28 22:32:59 ExcelVC running at http://localhost:8080
2025/12/28 22:38:56 ExcelVC running at http://localhost:8080
2025/12/28 23:18:41 ExcelVC running at http://localhost:8080
2025/12/28 23:19:44 Saved version 12 for C:\Users\bishe\Desktop\poke.xlsx
2025/12/28 23:23:48 ExcelVC running at http://localhost:8080
2025/12/30 10:28:54 ExcelVC running at http://localhost:8080
2025/12/30 10:39:39 ExcelVC running at http://localhost:8080
2025/12/30 10:41:36 Saved version 42 for C:\Users\bishe\Desktop\mental_health_dataset.xlsx
2025/12/30 10:41:36 Saved version 43 for C:\Users\bishe\Desktop\mental_health_dataset.xlsx
2025/12/30 10:47:04 Failed to read file: open C:\Users\bishe\Desktop\mental_health_dataset.xlsx: The process cannot access the file because it is being used by another process.
2025/12/30 10:47:05 Saved version 44 for C:\Users\bishe\Desktop\mental_health_dataset.xlsx
2025/12/30 10:48:32 Saved version 45 for C:\Users\bishe\Desktop\mental_health_dataset.xlsx
2025/12/30 10:48:33 Saved version 46 for C:\Users\bishe\Desktop\mental_health_dataset.xlsx
2025/12/30 10:50:18 ExcelVC running at http://localhost:8080
2025/12/30 10:50:29 Saved version 47 for C:\Users\bishe\Desktop\mental_health_dataset.xlsx
2025/12/30 10:50:29 Saved version 48 for C:\Users\bishe\Desktop\mental_health_dataset.xlsx
2025/12/30 10:51:32 Saved version 49 for C:\Users\bishe\Desktop\mental_health_dataset.xlsx
2025/12/30 10:51:32 Saved version 50 for C:\Users\bishe\Desktop\mental_health_dataset.xlsx
2025/12/30 10:52:32 Saved version 51 for C:\Users\bishe\Desktop\mental_health_dataset.xlsx
2025/12/30 10:52:32 Saved version 52 for C:\Users\bishe\Desktop\mental_health_dataset.xlsx
2025/12/30 10:53:04 Saved version 53 for C:\Users\bishe\Desktop\mental_health_dataset.xlsx
2025/12/30 10:53:04 Saved version 54 for C:\Users\bishe\Desktop\mental_health_dataset.xlsx
2025/12/30 10:54:19 Saved version 55 for C:\Users\bishe\Desktop\mental_health_dataset.xlsx
2025/12/30 10:54:19 Saved version 56 for C:\Users\bishe\Desktop\mental_health_dataset.xlsx
2025/12/30 16:32:57 Running at http://localhost:8080
